<?xml version="1.0" encoding="UTF-8"?>
<testsuite xmlns:xsi="http://www.w3.org/2001/XMLSchema-instance" xsi:noNamespaceSchemaLocation="https://maven.apache.org/surefire/maven-surefire-plugin/xsd/surefire-test-report-3.0.xsd" version="3.0" name="TestSuite" time="558.688" tests="1" errors="0" skipped="0" failures="0">
  <properties>
    <property name="sun.desktop" value="windows"/>
    <property name="awt.toolkit" value="sun.awt.windows.WToolkit"/>
    <property name="java.specification.version" value="11"/>
    <property name="senderMailPassword" value=""/>
    <property name="webdriver.chrome.driver" value="C:\Users\pchatterjee\eclipse-workspace\InternetSpeedTest/src/test/resources/Driver/chromedriver.exe"/>
    <property name="sun.cpu.isalist" value="amd64"/>
    <property name="sun.jnu.encoding" value="Cp1252"/>
    <property name="java.class.path" value="C:\Users\pchatterjee\eclipse-workspace\InternetSpeedTest\target\test-classes;C:\Users\pchatterjee\eclipse-workspace\InternetSpeedTest\target\classes;C:\Users\pchatterjee\.m2\repository\org\seleniumhq\selenium\selenium-java\3.141.59\selenium-java-3.141.59.jar;C:\Users\pchatterjee\.m2\repository\org\seleniumhq\selenium\selenium-api\3.141.59\selenium-api-3.141.59.jar;C:\Users\pchatterjee\.m2\repository\org\seleniumhq\selenium\selenium-chrome-driver\3.141.59\selenium-chrome-driver-3.141.59.jar;C:\Users\pchatterjee\.m2\repository\org\seleniumhq\selenium\selenium-edge-driver\3.141.59\selenium-edge-driver-3.141.59.jar;C:\Users\pchatterjee\.m2\repository\org\seleniumhq\selenium\selenium-firefox-driver\3.141.59\selenium-firefox-driver-3.141.59.jar;C:\Users\pchatterjee\.m2\repository\org\seleniumhq\selenium\selenium-ie-driver\3.141.59\selenium-ie-driver-3.141.59.jar;C:\Users\pchatterjee\.m2\repository\org\seleniumhq\selenium\selenium-opera-driver\3.141.59\selenium-opera-driver-3.141.59.jar;C:\Users\pchatterjee\.m2\repository\org\seleniumhq\selenium\selenium-remote-driver\3.141.59\selenium-remote-driver-3.141.59.jar;C:\Users\pchatterjee\.m2\repository\org\seleniumhq\selenium\selenium-safari-driver\3.141.59\selenium-safari-driver-3.141.59.jar;C:\Users\pchatterjee\.m2\repository\org\seleniumhq\selenium\selenium-support\3.141.59\selenium-support-3.141.59.jar;C:\Users\pchatterjee\.m2\repository\net\bytebuddy\byte-buddy\1.8.15\byte-buddy-1.8.15.jar;C:\Users\pchatterjee\.m2\repository\org\apache\commons\commons-exec\1.3\commons-exec-1.3.jar;C:\Users\pchatterjee\.m2\repository\com\google\guava\guava\25.0-jre\guava-25.0-jre.jar;C:\Users\pchatterjee\.m2\repository\com\google\code\findbugs\jsr305\1.3.9\jsr305-1.3.9.jar;C:\Users\pchatterjee\.m2\repository\org\checkerframework\checker-compat-qual\2.0.0\checker-compat-qual-2.0.0.jar;C:\Users\pchatterjee\.m2\repository\com\google\errorprone\error_prone_annotations\2.1.3\error_prone_annotations-2.1.3.jar;C:\Users\pchatterjee\.m2\repository\com\google\j2objc\j2objc-annotations\1.1\j2objc-annotations-1.1.jar;C:\Users\pchatterjee\.m2\repository\org\codehaus\mojo\animal-sniffer-annotations\1.14\animal-sniffer-annotations-1.14.jar;C:\Users\pchatterjee\.m2\repository\com\squareup\okhttp3\okhttp\3.11.0\okhttp-3.11.0.jar;C:\Users\pchatterjee\.m2\repository\com\squareup\okio\okio\1.14.0\okio-1.14.0.jar;C:\Users\pchatterjee\.m2\repository\info\cukes\gherkin\2.12.2\gherkin-2.12.2.jar;C:\Users\pchatterjee\.m2\repository\tech\grasshopper\extentreports-cucumber6-adapter\2.0.0\extentreports-cucumber6-adapter-2.0.0.jar;C:\Users\pchatterjee\.m2\repository\com\aventstack\klov-reporter\5.0.1\klov-reporter-5.0.1.jar;C:\Users\pchatterjee\.m2\repository\org\mongodb\bson\3.3.0\bson-3.3.0.jar;C:\Users\pchatterjee\.m2\repository\org\apache\httpcomponents\httpclient\4.5.2\httpclient-4.5.2.jar;C:\Users\pchatterjee\.m2\repository\org\apache\httpcomponents\httpcore\4.4.4\httpcore-4.4.4.jar;C:\Users\pchatterjee\.m2\repository\org\apache\httpcomponents\httpmime\4.5.2\httpmime-4.5.2.jar;C:\Users\pchatterjee\.m2\repository\org\mongodb\mongodb-driver\3.3.0\mongodb-driver-3.3.0.jar;C:\Users\pchatterjee\.m2\repository\org\mongodb\mongodb-driver-core\3.3.0\mongodb-driver-core-3.3.0.jar;C:\Users\pchatterjee\.m2\repository\com\aventstack\extentreports\5.0.4\extentreports-5.0.4.jar;C:\Users\pchatterjee\.m2\repository\io\reactivex\rxjava3\rxjava\3.0.4\rxjava-3.0.4.jar;C:\Users\pchatterjee\.m2\repository\org\reactivestreams\reactive-streams\1.0.3\reactive-streams-1.0.3.jar;C:\Users\pchatterjee\.m2\repository\org\freemarker\freemarker\2.3.30\freemarker-2.3.30.jar;C:\Users\pchatterjee\.m2\repository\org\projectlombok\lombok\1.18.12\lombok-1.18.12.jar;C:\Users\pchatterjee\.m2\repository\com\google\code\gson\gson\2.8.6\gson-2.8.6.jar;C:\Users\pchatterjee\.m2\repository\com\vimalselvam\cucumber-extentsreport\3.0.2\cucumber-extentsreport-3.0.2.jar;C:\Users\pchatterjee\.m2\repository\io\cucumber\cucumber-java\6.8.1\cucumber-java-6.8.1.jar;C:\Users\pchatterjee\.m2\repository\io\cucumber\cucumber-core\6.8.1\cucumber-core-6.8.1.jar;C:\Users\pchatterjee\.m2\repository\io\cucumber\cucumber-gherkin\6.8.1\cucumber-gherkin-6.8.1.jar;C:\Users\pchatterjee\.m2\repository\io\cucumber\cucumber-gherkin-messages\6.8.1\cucumber-gherkin-messages-6.8.1.jar;C:\Users\pchatterjee\.m2\repository\io\cucumber\messages\13.1.0\messages-13.1.0.jar;C:\Users\pchatterjee\.m2\repository\io\cucumber\tag-expressions\3.0.0\tag-expressions-3.0.0.jar;C:\Users\pchatterjee\.m2\repository\io\cucumber\cucumber-expressions\10.3.0\cucumber-expressions-10.3.0.jar;C:\Users\pchatterjee\.m2\repository\io\cucumber\datatable\3.5.0\datatable-3.5.0.jar;C:\Users\pchatterjee\.m2\repository\io\cucumber\cucumber-plugin\6.8.1\cucumber-plugin-6.8.1.jar;C:\Users\pchatterjee\.m2\repository\io\cucumber\docstring\6.8.1\docstring-6.8.1.jar;C:\Users\pchatterjee\.m2\repository\io\cucumber\html-formatter\9.0.0\html-formatter-9.0.0.jar;C:\Users\pchatterjee\.m2\repository\io\cucumber\create-meta\2.0.2\create-meta-2.0.2.jar;C:\Users\pchatterjee\.m2\repository\org\apiguardian\apiguardian-api\1.1.0\apiguardian-api-1.1.0.jar;C:\Users\pchatterjee\.m2\repository\io\cucumber\cucumber-junit\6.8.1\cucumber-junit-6.8.1.jar;C:\Users\pchatterjee\.m2\repository\junit\junit\4.13\junit-4.13.jar;C:\Users\pchatterjee\.m2\repository\org\hamcrest\hamcrest-core\1.3\hamcrest-core-1.3.jar;C:\Users\pchatterjee\.m2\repository\io\cucumber\cucumber-testng\6.8.1\cucumber-testng-6.8.1.jar;C:\Users\pchatterjee\.m2\repository\org\testng\testng\7.3.0\testng-7.3.0.jar;C:\Users\pchatterjee\.m2\repository\com\beust\jcommander\1.78\jcommander-1.78.jar;C:\Users\pchatterjee\.m2\repository\org\apache\ant\ant\1.10.3\ant-1.10.3.jar;C:\Users\pchatterjee\.m2\repository\org\apache\ant\ant-launcher\1.10.3\ant-launcher-1.10.3.jar;C:\Users\pchatterjee\.m2\repository\com\google\inject\guice\4.2.2\guice-4.2.2-no_aop.jar;C:\Users\pchatterjee\.m2\repository\javax\inject\javax.inject\1\javax.inject-1.jar;C:\Users\pchatterjee\.m2\repository\aopalliance\aopalliance\1.0\aopalliance-1.0.jar;C:\Users\pchatterjee\.m2\repository\org\yaml\snakeyaml\1.21\snakeyaml-1.21.jar;C:\Users\pchatterjee\.m2\repository\commons-io\commons-io\2.11.0\commons-io-2.11.0.jar;C:\Users\pchatterjee\.m2\repository\io\cucumber\cucumber-jvm-deps\1.0.6\cucumber-jvm-deps-1.0.6.jar;C:\Users\pchatterjee\.m2\repository\com\sikulix\sikulixapi\2.0.0\sikulixapi-2.0.0.jar;C:\Users\pchatterjee\.m2\repository\com\sikulix\sikulix2tigervnc\1.1.4\sikulix2tigervnc-1.1.4.jar;C:\Users\pchatterjee\.m2\repository\commons-cli\commons-cli\1.4\commons-cli-1.4.jar;C:\Users\pchatterjee\.m2\repository\net\java\dev\jna\jna-platform\5.4.0\jna-platform-5.4.0.jar;C:\Users\pchatterjee\.m2\repository\net\java\dev\jna\jna\5.4.0\jna-5.4.0.jar;C:\Users\pchatterjee\.m2\repository\org\reflections\reflections\0.9.11\reflections-0.9.11.jar;C:\Users\pchatterjee\.m2\repository\org\javassist\javassist\3.21.0-GA\javassist-3.21.0-GA.jar;C:\Users\pchatterjee\.m2\repository\net\sourceforge\tess4j\tess4j\4.4.1\tess4j-4.4.1.jar;C:\Users\pchatterjee\.m2\repository\com\github\jai-imageio\jai-imageio-core\1.4.0\jai-imageio-core-1.4.0.jar;C:\Users\pchatterjee\.m2\repository\org\ghost4j\ghost4j\1.0.1\ghost4j-1.0.1.jar;C:\Users\pchatterjee\.m2\repository\log4j\log4j\1.2.17\log4j-1.2.17.jar;C:\Users\pchatterjee\.m2\repository\org\apache\xmlgraphics\xmlgraphics-commons\1.4\xmlgraphics-commons-1.4.jar;C:\Users\pchatterjee\.m2\repository\com\lowagie\itext\2.1.7\itext-2.1.7.jar;C:\Users\pchatterjee\.m2\repository\org\apache\pdfbox\pdfbox\2.0.17\pdfbox-2.0.17.jar;C:\Users\pchatterjee\.m2\repository\org\apache\pdfbox\fontbox\2.0.17\fontbox-2.0.17.jar;C:\Users\pchatterjee\.m2\repository\org\apache\pdfbox\pdfbox-tools\2.0.17\pdfbox-tools-2.0.17.jar;C:\Users\pchatterjee\.m2\repository\org\apache\pdfbox\pdfbox-debugger\2.0.17\pdfbox-debugger-2.0.17.jar;C:\Users\pchatterjee\.m2\repository\org\apache\pdfbox\jbig2-imageio\3.0.2\jbig2-imageio-3.0.2.jar;C:\Users\pchatterjee\.m2\repository\net\sourceforge\lept4j\lept4j\1.12.3\lept4j-1.12.3.jar;C:\Users\pchatterjee\.m2\repository\org\jboss\jboss-vfs\3.2.14.Final\jboss-vfs-3.2.14.Final.jar;C:\Users\pchatterjee\.m2\repository\org\jboss\logging\jboss-logging\3.1.4.GA\jboss-logging-3.1.4.GA.jar;C:\Users\pchatterjee\.m2\repository\org\slf4j\jul-to-slf4j\1.7.28\jul-to-slf4j-1.7.28.jar;C:\Users\pchatterjee\.m2\repository\org\slf4j\jcl-over-slf4j\1.7.28\jcl-over-slf4j-1.7.28.jar;C:\Users\pchatterjee\.m2\repository\org\slf4j\log4j-over-slf4j\1.7.28\log4j-over-slf4j-1.7.28.jar;C:\Users\pchatterjee\.m2\repository\org\slf4j\slf4j-nop\1.7.28\slf4j-nop-1.7.28.jar;C:\Users\pchatterjee\.m2\repository\org\slf4j\slf4j-api\1.7.28\slf4j-api-1.7.28.jar;C:\Users\pchatterjee\.m2\repository\com\sikulix\sikulixlibswin\1.1.0\sikulixlibswin-1.1.0.jar;C:\Users\pchatterjee\.m2\repository\javax\mail\javax.mail-api\1.6.2\javax.mail-api-1.6.2.jar;C:\Users\pchatterjee\.m2\repository\javax\activation\activation\1.1\activation-1.1.jar;C:\Users\pchatterjee\.m2\repository\com\sun\mail\javax.mail\1.6.0\javax.mail-1.6.0.jar;C:\Users\pchatterjee\.m2\repository\com\opencsv\opencsv\5.5.1\opencsv-5.5.1.jar;C:\Users\pchatterjee\.m2\repository\org\apache\commons\commons-lang3\3.12.0\commons-lang3-3.12.0.jar;C:\Users\pchatterjee\.m2\repository\org\apache\commons\commons-text\1.9\commons-text-1.9.jar;C:\Users\pchatterjee\.m2\repository\commons-beanutils\commons-beanutils\1.9.4\commons-beanutils-1.9.4.jar;C:\Users\pchatterjee\.m2\repository\commons-logging\commons-logging\1.2\commons-logging-1.2.jar;C:\Users\pchatterjee\.m2\repository\commons-collections\commons-collections\3.2.2\commons-collections-3.2.2.jar;C:\Users\pchatterjee\.m2\repository\org\apache\commons\commons-collections4\4.4\commons-collections4-4.4.jar;C:\Users\pchatterjee\.m2\repository\org\apache\poi\poi\3.9\poi-3.9.jar;C:\Users\pchatterjee\.m2\repository\commons-codec\commons-codec\1.5\commons-codec-1.5.jar;C:\Users\pchatterjee\.m2\repository\org\apache\poi\poi-ooxml\3.9\poi-ooxml-3.9.jar;C:\Users\pchatterjee\.m2\repository\org\apache\poi\poi-ooxml-schemas\3.9\poi-ooxml-schemas-3.9.jar;C:\Users\pchatterjee\.m2\repository\dom4j\dom4j\1.6.1\dom4j-1.6.1.jar;C:\Users\pchatterjee\.m2\repository\xml-apis\xml-apis\1.0.b2\xml-apis-1.0.b2.jar;C:\Users\pchatterjee\.m2\repository\org\apache\xmlbeans\xmlbeans\3.0.2\xmlbeans-3.0.2.jar;C:\Users\pchatterjee\.m2\repository\org\apache\poi\poi-scratchpad\3.9\poi-scratchpad-3.9.jar;"/>
    <property name="java.vm.vendor" value="Oracle Corporation"/>
    <property name="sun.arch.data.model" value="64"/>
    <property name="user.variant" value=""/>
    <property name="java.vendor.url" value="https://openjdk.java.net/"/>
    <property name="user.timezone" value="Asia/Calcutta"/>
    <property name="browserName" value="chrome"/>
    <property name="java.vm.specification.version" value="11"/>
    <property name="os.name" value="Windows 10"/>
    <property name="sun.java.launcher" value="SUN_STANDARD"/>
    <property name="user.country" value="US"/>
    <property name="sun.boot.library.path" value="C:\Program Files\Java\jdk-11.0.9\bin"/>
    <property name="sun.java.command" value="C:\Users\pchatterjee\AppData\Local\Temp\surefire12149129673664401887\surefirebooter4967935600507301398.jar C:\Users\pchatterjee\AppData\Local\Temp\surefire12149129673664401887 2021-08-24T00-35-33_405-jvmRun1 surefire860335408886404017tmp surefire_016282089768287561713tmp"/>
    <property name="jdk.debug" value="release"/>
    <property name="surefire.test.class.path" value="C:\Users\pchatterjee\eclipse-workspace\InternetSpeedTest\target\test-classes;C:\Users\pchatterjee\eclipse-workspace\InternetSpeedTest\target\classes;C:\Users\pchatterjee\.m2\repository\org\seleniumhq\selenium\selenium-java\3.141.59\selenium-java-3.141.59.jar;C:\Users\pchatterjee\.m2\repository\org\seleniumhq\selenium\selenium-api\3.141.59\selenium-api-3.141.59.jar;C:\Users\pchatterjee\.m2\repository\org\seleniumhq\selenium\selenium-chrome-driver\3.141.59\selenium-chrome-driver-3.141.59.jar;C:\Users\pchatterjee\.m2\repository\org\seleniumhq\selenium\selenium-edge-driver\3.141.59\selenium-edge-driver-3.141.59.jar;C:\Users\pchatterjee\.m2\repository\org\seleniumhq\selenium\selenium-firefox-driver\3.141.59\selenium-firefox-driver-3.141.59.jar;C:\Users\pchatterjee\.m2\repository\org\seleniumhq\selenium\selenium-ie-driver\3.141.59\selenium-ie-driver-3.141.59.jar;C:\Users\pchatterjee\.m2\repository\org\seleniumhq\selenium\selenium-opera-driver\3.141.59\selenium-opera-driver-3.141.59.jar;C:\Users\pchatterjee\.m2\repository\org\seleniumhq\selenium\selenium-remote-driver\3.141.59\selenium-remote-driver-3.141.59.jar;C:\Users\pchatterjee\.m2\repository\org\seleniumhq\selenium\selenium-safari-driver\3.141.59\selenium-safari-driver-3.141.59.jar;C:\Users\pchatterjee\.m2\repository\org\seleniumhq\selenium\selenium-support\3.141.59\selenium-support-3.141.59.jar;C:\Users\pchatterjee\.m2\repository\net\bytebuddy\byte-buddy\1.8.15\byte-buddy-1.8.15.jar;C:\Users\pchatterjee\.m2\repository\org\apache\commons\commons-exec\1.3\commons-exec-1.3.jar;C:\Users\pchatterjee\.m2\repository\com\google\guava\guava\25.0-jre\guava-25.0-jre.jar;C:\Users\pchatterjee\.m2\repository\com\google\code\findbugs\jsr305\1.3.9\jsr305-1.3.9.jar;C:\Users\pchatterjee\.m2\repository\org\checkerframework\checker-compat-qual\2.0.0\checker-compat-qual-2.0.0.jar;C:\Users\pchatterjee\.m2\repository\com\google\errorprone\error_prone_annotations\2.1.3\error_prone_annotations-2.1.3.jar;C:\Users\pchatterjee\.m2\repository\com\google\j2objc\j2objc-annotations\1.1\j2objc-annotations-1.1.jar;C:\Users\pchatterjee\.m2\repository\org\codehaus\mojo\animal-sniffer-annotations\1.14\animal-sniffer-annotations-1.14.jar;C:\Users\pchatterjee\.m2\repository\com\squareup\okhttp3\okhttp\3.11.0\okhttp-3.11.0.jar;C:\Users\pchatterjee\.m2\repository\com\squareup\okio\okio\1.14.0\okio-1.14.0.jar;C:\Users\pchatterjee\.m2\repository\info\cukes\gherkin\2.12.2\gherkin-2.12.2.jar;C:\Users\pchatterjee\.m2\repository\tech\grasshopper\extentreports-cucumber6-adapter\2.0.0\extentreports-cucumber6-adapter-2.0.0.jar;C:\Users\pchatterjee\.m2\repository\com\aventstack\klov-reporter\5.0.1\klov-reporter-5.0.1.jar;C:\Users\pchatterjee\.m2\repository\org\mongodb\bson\3.3.0\bson-3.3.0.jar;C:\Users\pchatterjee\.m2\repository\org\apache\httpcomponents\httpclient\4.5.2\httpclient-4.5.2.jar;C:\Users\pchatterjee\.m2\repository\org\apache\httpcomponents\httpcore\4.4.4\httpcore-4.4.4.jar;C:\Users\pchatterjee\.m2\repository\org\apache\httpcomponents\httpmime\4.5.2\httpmime-4.5.2.jar;C:\Users\pchatterjee\.m2\repository\org\mongodb\mongodb-driver\3.3.0\mongodb-driver-3.3.0.jar;C:\Users\pchatterjee\.m2\repository\org\mongodb\mongodb-driver-core\3.3.0\mongodb-driver-core-3.3.0.jar;C:\Users\pchatterjee\.m2\repository\com\aventstack\extentreports\5.0.4\extentreports-5.0.4.jar;C:\Users\pchatterjee\.m2\repository\io\reactivex\rxjava3\rxjava\3.0.4\rxjava-3.0.4.jar;C:\Users\pchatterjee\.m2\repository\org\reactivestreams\reactive-streams\1.0.3\reactive-streams-1.0.3.jar;C:\Users\pchatterjee\.m2\repository\org\freemarker\freemarker\2.3.30\freemarker-2.3.30.jar;C:\Users\pchatterjee\.m2\repository\org\projectlombok\lombok\1.18.12\lombok-1.18.12.jar;C:\Users\pchatterjee\.m2\repository\com\google\code\gson\gson\2.8.6\gson-2.8.6.jar;C:\Users\pchatterjee\.m2\repository\com\vimalselvam\cucumber-extentsreport\3.0.2\cucumber-extentsreport-3.0.2.jar;C:\Users\pchatterjee\.m2\repository\io\cucumber\cucumber-java\6.8.1\cucumber-java-6.8.1.jar;C:\Users\pchatterjee\.m2\repository\io\cucumber\cucumber-core\6.8.1\cucumber-core-6.8.1.jar;C:\Users\pchatterjee\.m2\repository\io\cucumber\cucumber-gherkin\6.8.1\cucumber-gherkin-6.8.1.jar;C:\Users\pchatterjee\.m2\repository\io\cucumber\cucumber-gherkin-messages\6.8.1\cucumber-gherkin-messages-6.8.1.jar;C:\Users\pchatterjee\.m2\repository\io\cucumber\messages\13.1.0\messages-13.1.0.jar;C:\Users\pchatterjee\.m2\repository\io\cucumber\tag-expressions\3.0.0\tag-expressions-3.0.0.jar;C:\Users\pchatterjee\.m2\repository\io\cucumber\cucumber-expressions\10.3.0\cucumber-expressions-10.3.0.jar;C:\Users\pchatterjee\.m2\repository\io\cucumber\datatable\3.5.0\datatable-3.5.0.jar;C:\Users\pchatterjee\.m2\repository\io\cucumber\cucumber-plugin\6.8.1\cucumber-plugin-6.8.1.jar;C:\Users\pchatterjee\.m2\repository\io\cucumber\docstring\6.8.1\docstring-6.8.1.jar;C:\Users\pchatterjee\.m2\repository\io\cucumber\html-formatter\9.0.0\html-formatter-9.0.0.jar;C:\Users\pchatterjee\.m2\repository\io\cucumber\create-meta\2.0.2\create-meta-2.0.2.jar;C:\Users\pchatterjee\.m2\repository\org\apiguardian\apiguardian-api\1.1.0\apiguardian-api-1.1.0.jar;C:\Users\pchatterjee\.m2\repository\io\cucumber\cucumber-junit\6.8.1\cucumber-junit-6.8.1.jar;C:\Users\pchatterjee\.m2\repository\junit\junit\4.13\junit-4.13.jar;C:\Users\pchatterjee\.m2\repository\org\hamcrest\hamcrest-core\1.3\hamcrest-core-1.3.jar;C:\Users\pchatterjee\.m2\repository\io\cucumber\cucumber-testng\6.8.1\cucumber-testng-6.8.1.jar;C:\Users\pchatterjee\.m2\repository\org\testng\testng\7.3.0\testng-7.3.0.jar;C:\Users\pchatterjee\.m2\repository\com\beust\jcommander\1.78\jcommander-1.78.jar;C:\Users\pchatterjee\.m2\repository\org\apache\ant\ant\1.10.3\ant-1.10.3.jar;C:\Users\pchatterjee\.m2\repository\org\apache\ant\ant-launcher\1.10.3\ant-launcher-1.10.3.jar;C:\Users\pchatterjee\.m2\repository\com\google\inject\guice\4.2.2\guice-4.2.2-no_aop.jar;C:\Users\pchatterjee\.m2\repository\javax\inject\javax.inject\1\javax.inject-1.jar;C:\Users\pchatterjee\.m2\repository\aopalliance\aopalliance\1.0\aopalliance-1.0.jar;C:\Users\pchatterjee\.m2\repository\org\yaml\snakeyaml\1.21\snakeyaml-1.21.jar;C:\Users\pchatterjee\.m2\repository\commons-io\commons-io\2.11.0\commons-io-2.11.0.jar;C:\Users\pchatterjee\.m2\repository\io\cucumber\cucumber-jvm-deps\1.0.6\cucumber-jvm-deps-1.0.6.jar;C:\Users\pchatterjee\.m2\repository\com\sikulix\sikulixapi\2.0.0\sikulixapi-2.0.0.jar;C:\Users\pchatterjee\.m2\repository\com\sikulix\sikulix2tigervnc\1.1.4\sikulix2tigervnc-1.1.4.jar;C:\Users\pchatterjee\.m2\repository\commons-cli\commons-cli\1.4\commons-cli-1.4.jar;C:\Users\pchatterjee\.m2\repository\net\java\dev\jna\jna-platform\5.4.0\jna-platform-5.4.0.jar;C:\Users\pchatterjee\.m2\repository\net\java\dev\jna\jna\5.4.0\jna-5.4.0.jar;C:\Users\pchatterjee\.m2\repository\org\reflections\reflections\0.9.11\reflections-0.9.11.jar;C:\Users\pchatterjee\.m2\repository\org\javassist\javassist\3.21.0-GA\javassist-3.21.0-GA.jar;C:\Users\pchatterjee\.m2\repository\net\sourceforge\tess4j\tess4j\4.4.1\tess4j-4.4.1.jar;C:\Users\pchatterjee\.m2\repository\com\github\jai-imageio\jai-imageio-core\1.4.0\jai-imageio-core-1.4.0.jar;C:\Users\pchatterjee\.m2\repository\org\ghost4j\ghost4j\1.0.1\ghost4j-1.0.1.jar;C:\Users\pchatterjee\.m2\repository\log4j\log4j\1.2.17\log4j-1.2.17.jar;C:\Users\pchatterjee\.m2\repository\org\apache\xmlgraphics\xmlgraphics-commons\1.4\xmlgraphics-commons-1.4.jar;C:\Users\pchatterjee\.m2\repository\com\lowagie\itext\2.1.7\itext-2.1.7.jar;C:\Users\pchatterjee\.m2\repository\org\apache\pdfbox\pdfbox\2.0.17\pdfbox-2.0.17.jar;C:\Users\pchatterjee\.m2\repository\org\apache\pdfbox\fontbox\2.0.17\fontbox-2.0.17.jar;C:\Users\pchatterjee\.m2\repository\org\apache\pdfbox\pdfbox-tools\2.0.17\pdfbox-tools-2.0.17.jar;C:\Users\pchatterjee\.m2\repository\org\apache\pdfbox\pdfbox-debugger\2.0.17\pdfbox-debugger-2.0.17.jar;C:\Users\pchatterjee\.m2\repository\org\apache\pdfbox\jbig2-imageio\3.0.2\jbig2-imageio-3.0.2.jar;C:\Users\pchatterjee\.m2\repository\net\sourceforge\lept4j\lept4j\1.12.3\lept4j-1.12.3.jar;C:\Users\pchatterjee\.m2\repository\org\jboss\jboss-vfs\3.2.14.Final\jboss-vfs-3.2.14.Final.jar;C:\Users\pchatterjee\.m2\repository\org\jboss\logging\jboss-logging\3.1.4.GA\jboss-logging-3.1.4.GA.jar;C:\Users\pchatterjee\.m2\repository\org\slf4j\jul-to-slf4j\1.7.28\jul-to-slf4j-1.7.28.jar;C:\Users\pchatterjee\.m2\repository\org\slf4j\jcl-over-slf4j\1.7.28\jcl-over-slf4j-1.7.28.jar;C:\Users\pchatterjee\.m2\repository\org\slf4j\log4j-over-slf4j\1.7.28\log4j-over-slf4j-1.7.28.jar;C:\Users\pchatterjee\.m2\repository\org\slf4j\slf4j-nop\1.7.28\slf4j-nop-1.7.28.jar;C:\Users\pchatterjee\.m2\repository\org\slf4j\slf4j-api\1.7.28\slf4j-api-1.7.28.jar;C:\Users\pchatterjee\.m2\repository\com\sikulix\sikulixlibswin\1.1.0\sikulixlibswin-1.1.0.jar;C:\Users\pchatterjee\.m2\repository\javax\mail\javax.mail-api\1.6.2\javax.mail-api-1.6.2.jar;C:\Users\pchatterjee\.m2\repository\javax\activation\activation\1.1\activation-1.1.jar;C:\Users\pchatterjee\.m2\repository\com\sun\mail\javax.mail\1.6.0\javax.mail-1.6.0.jar;C:\Users\pchatterjee\.m2\repository\com\opencsv\opencsv\5.5.1\opencsv-5.5.1.jar;C:\Users\pchatterjee\.m2\repository\org\apache\commons\commons-lang3\3.12.0\commons-lang3-3.12.0.jar;C:\Users\pchatterjee\.m2\repository\org\apache\commons\commons-text\1.9\commons-text-1.9.jar;C:\Users\pchatterjee\.m2\repository\commons-beanutils\commons-beanutils\1.9.4\commons-beanutils-1.9.4.jar;C:\Users\pchatterjee\.m2\repository\commons-logging\commons-logging\1.2\commons-logging-1.2.jar;C:\Users\pchatterjee\.m2\repository\commons-collections\commons-collections\3.2.2\commons-collections-3.2.2.jar;C:\Users\pchatterjee\.m2\repository\org\apache\commons\commons-collections4\4.4\commons-collections4-4.4.jar;C:\Users\pchatterjee\.m2\repository\org\apache\poi\poi\3.9\poi-3.9.jar;C:\Users\pchatterjee\.m2\repository\commons-codec\commons-codec\1.5\commons-codec-1.5.jar;C:\Users\pchatterjee\.m2\repository\org\apache\poi\poi-ooxml\3.9\poi-ooxml-3.9.jar;C:\Users\pchatterjee\.m2\repository\org\apache\poi\poi-ooxml-schemas\3.9\poi-ooxml-schemas-3.9.jar;C:\Users\pchatterjee\.m2\repository\dom4j\dom4j\1.6.1\dom4j-1.6.1.jar;C:\Users\pchatterjee\.m2\repository\xml-apis\xml-apis\1.0.b2\xml-apis-1.0.b2.jar;C:\Users\pchatterjee\.m2\repository\org\apache\xmlbeans\xmlbeans\3.0.2\xmlbeans-3.0.2.jar;C:\Users\pchatterjee\.m2\repository\org\apache\poi\poi-scratchpad\3.9\poi-scratchpad-3.9.jar;"/>
    <property name="sun.cpu.endian" value="little"/>
    <property name="user.home" value="C:\Users\pchatterjee"/>
    <property name="user.language" value="en"/>
    <property name="java.specification.vendor" value="Oracle Corporation"/>
    <property name="java.version.date" value="2020-10-20"/>
    <property name="java.home" value="C:\Program Files\Java\jdk-11.0.9"/>
    <property name="file.separator" value="\"/>
    <property name="basedir" value="C:\Users\pchatterjee\eclipse-workspace\InternetSpeedTest"/>
    <property name="java.vm.compressedOopsMode" value="Zero based"/>
    <property name="line.separator" value="&#10;"/>
    <property name="java.specification.name" value="Java Platform API Specification"/>
    <property name="java.vm.specification.vendor" value="Oracle Corporation"/>
    <property name="java.awt.graphicsenv" value="sun.awt.Win32GraphicsEnvironment"/>
    <property name="receiverMail" value="pallavi.tanu.chatterjee@gmail.com"/>
    <property name="surefire.real.class.path" value="C:\Users\pchatterjee\AppData\Local\Temp\surefire12149129673664401887\surefirebooter4967935600507301398.jar"/>
    <property name="user.script" value=""/>
    <property name="sun.management.compiler" value="HotSpot 64-Bit Tiered Compilers"/>
    <property name="java.runtime.version" value="11.0.9+7-LTS"/>
    <property name="user.name" value="pchatterjee"/>
    <property name="path.separator" value=";"/>
    <property name="os.version" value="10.0"/>
    <property name="java.runtime.name" value="Java(TM) SE Runtime Environment"/>
    <property name="file.encoding" value="Cp1252"/>
    <property name="intervalTimeInMin" value="2"/>
    <property name="browser" value="chrome"/>
    <property name="java.vm.name" value="Java HotSpot(TM) 64-Bit Server VM"/>
    <property name="totalTimeInHour" value="0.167"/>
    <property name="java.vendor.version" value="18.9"/>
    <property name="senderMailId" value=""/>
    <property name="localRepository" value="C:\Users\pchatterjee\.m2\repository"/>
    <property name="java.vendor.url.bug" value="https://bugreport.java.com/bugreport/"/>
    <property name="java.io.tmpdir" value="C:\Users\PCHATT~1\AppData\Local\Temp\"/>
    <property name="java.version" value="11.0.9"/>
    <property name="user.dir" value="C:\Users\pchatterjee\eclipse-workspace\InternetSpeedTest"/>
    <property name="os.arch" value="amd64"/>
    <property name="java.vm.specification.name" value="Java Virtual Machine Specification"/>
    <property name="java.awt.printerjob" value="sun.awt.windows.WPrinterJob"/>
    <property name="sun.os.patch.level" value=""/>
    <property name="java.library.path" value="C:\Program Files\Java\jdk-11.0.9\bin;C:\WINDOWS\Sun\Java\bin;C:\WINDOWS\system32;C:\WINDOWS;C:\Program Files\SAPERION\Application\server64;C:\Python39\Scripts\;C:\Python39\;C:\Users\pchatterjee\AppData\Local\Programs\Python\Python36;C:\Program Files\nodejs\;C:\Softwares\php-8.0.6;C:\Program Files\Java\jdk-11.0.9\bin;C:\Program Files\dotnet;C:\Softwares\apache-maven-3.8.1-bin\apache-maven-3.8.1\bin;C:\Program Files\Git\cmd;C:\Program Files (x86)\SAPERION\;C:\Users\pchatterjee\AppData\Local\Microsoft\WindowsApps;C:\Program Files\JetBrains\IntelliJ IDEA Community Edition 2019.2.3\bin;C:\Users\pchatterjee\AppData\Local\Programs\Fiddler;C:\Users\pchatterjee\AppData\Local\Microsoft\WindowsApps;C:\Users\pchatterjee\AppData\Roaming\npm;C:\Users\pchatterjee\AppData\Local\GitHubDesktop\bin;."/>
    <property name="java.vendor" value="Oracle Corporation"/>
    <property name="java.vm.info" value="mixed mode"/>
    <property name="java.vm.version" value="11.0.9+7-LTS"/>
    <property name="sun.io.unicode.encoding" value="UnicodeLittle"/>
    <property name="java.class.version" value="55.0"/>
  </properties>
  <testcase name="runScenario[&quot;Check the Internet Speed in a particular time interval&quot;, &quot;Optional[Check the Internet Speed]&quot;](1)" classname="testRunner.TestRunner" time="557.133">
    <system-out><![CDATA[
Scenario: Check the Internet Speed in a particular time interval                           # src/test/resources/FeatureFiles/TestSpeed.feature:3
  Given User is on HomePage of URL "https://www.speedtest.net/"                            # stepDefs.HomePageStepDef.user_is_on_HomePage_of_URL(java.lang.String)
  When Validate that home page heading is displayed                                        # stepDefs.HomePageStepDef.validate_that_home_page_heading_is_displayed()
User Input of total monitoring time: 0.167
User input of the interval time: 2
count5
Result Display time 36537milisec
Result Display time 35955milisec
  Then User checks Internet Speed in a particular time interval                            # stepDefs.HomePageStepDef.user_checks_Internet_Speed_in_a_particular_time_interval()
  And User click on the Result button and download the Result                              # stepDefs.HomePageStepDef.user_click_on_the_Result_button_and_download_the_Result()
Number of Rows 4
  Then Validate that the result file is downloaded                                         # stepDefs.HomePageStepDef.validate_that_the_result_file_is_downloaded()
=====Email Sent=====
  And User mail the result file from user "tanudance01@gmail.com" and password "Pallavi1!" # stepDefs.HomePageStepDef.user_mail_the_result_file_from_user_and_password(java.lang.String,java.lang.String)
]]></system-out>
    <system-err><![CDATA[Starting ChromeDriver 91.0.4472.101 (af52a90bf87030dd1523486a1cd3ae25c5d76c9b-refs/branch-heads/4472@{#1462}) on port 10152
Only local connections are allowed.
Please see https://chromedriver.chromium.org/security-considerations for suggestions on keeping ChromeDriver safe.
ChromeDriver was started successfully.
[1629745536.958][WARNING]: This version of ChromeDriver has not been tested with Chrome version 92.
Aug 24, 2021 12:35:36 AM org.openqa.selenium.remote.ProtocolHandshake createSession
INFO: Detected dialect: W3C
]]></system-err>
  </testcase>
</testsuite>