<?xml version="1.0" encoding="UTF-8"?>
<!-- Generated by org.testng.reporters.JUnitReportReporter -->
<testsuite hostname="HYL-777641" failures="0" tests="1" name="testRunner.TestRunner" time="150.061" errors="0" timestamp="2021-08-10T00:58:29 IST" skipped="0">
  <testcase classname="testRunner.TestRunner" name="runScenario" time="150.061"/>
  <system-out/>
</testsuite> <!-- testRunner.TestRunner -->
