<?xml version="1.0" encoding="UTF-8"?>
<!-- Generated by org.testng.reporters.JUnitReportReporter -->
<testsuite hostname="HYL-777641" failures="0" tests="1" name="testRunner.TestRunner" time="556.869" errors="0" timestamp="2021-08-24T00:44:52 IST" skipped="0">
  <testcase classname="testRunner.TestRunner" name="runScenario" time="556.869"/>
  <system-out/>
</testsuite> <!-- testRunner.TestRunner -->
